<?xml version="1.0" encoding="UTF-8"?>
<testng-results skipped="0" failed="0" ignored="0" total="1" passed="1">
  <reporter-output>
  </reporter-output>
  <suite name="Suite1" duration-ms="2305" started-at="2019-05-26T14:32:12Z" finished-at="2019-05-26T14:32:14Z">
    <groups>
    </groups>
    <test name="Test1" duration-ms="2305" started-at="2019-05-26T14:32:12Z" finished-at="2019-05-26T14:32:14Z">
      <class name="selemiumTest.test1">
        <test-method status="PASS" signature="beforeTest()[pri:0, instance:selemiumTest.test1@6be46e8f]" name="beforeTest" is-config="true" duration-ms="2213" started-at="2019-05-26T14:32:12Z" finished-at="2019-05-26T14:32:14Z">
          <reporter-output>
          </reporter-output>
        </test-method> <!-- beforeTest -->
        <test-method status="PASS" signature="f()[pri:0, instance:selemiumTest.test1@6be46e8f]" name="f" duration-ms="1" started-at="2019-05-26T14:32:14Z" finished-at="2019-05-26T14:32:14Z">
          <reporter-output>
          </reporter-output>
        </test-method> <!-- f -->
        <test-method status="PASS" signature="afterTest()[pri:0, instance:selemiumTest.test1@6be46e8f]" name="afterTest" is-config="true" duration-ms="72" started-at="2019-05-26T14:32:14Z" finished-at="2019-05-26T14:32:14Z">
          <reporter-output>
          </reporter-output>
        </test-method> <!-- afterTest -->
      </class> <!-- selemiumTest.test1 -->
    </test> <!-- Test1 -->
  </suite> <!-- Suite1 -->
</testng-results>
