<?xml version="1.0" encoding="UTF-8"?>
<testng-results skipped="0" failed="0" ignored="0" total="1" passed="1">
  <reporter-output>
  </reporter-output>
  <suite name="Default suite" duration-ms="1968" started-at="2019-05-26T14:16:33Z" finished-at="2019-05-26T14:16:35Z">
    <groups>
    </groups>
    <test name="Default test" duration-ms="1968" started-at="2019-05-26T14:16:33Z" finished-at="2019-05-26T14:16:35Z">
      <class name="selemiumTest.test1">
        <test-method status="PASS" signature="beforeTest()[pri:0, instance:selemiumTest.test1@7d9d1a19]" name="beforeTest" is-config="true" duration-ms="1848" started-at="2019-05-26T14:16:33Z" finished-at="2019-05-26T14:16:35Z">
          <reporter-output>
          </reporter-output>
        </test-method> <!-- beforeTest -->
        <test-method status="PASS" signature="f()[pri:0, instance:selemiumTest.test1@7d9d1a19]" name="f" duration-ms="7" started-at="2019-05-26T14:16:35Z" finished-at="2019-05-26T14:16:35Z">
          <reporter-output>
          </reporter-output>
        </test-method> <!-- f -->
        <test-method status="PASS" signature="afterTest()[pri:0, instance:selemiumTest.test1@7d9d1a19]" name="afterTest" is-config="true" duration-ms="73" started-at="2019-05-26T14:16:35Z" finished-at="2019-05-26T14:16:35Z">
          <reporter-output>
          </reporter-output>
        </test-method> <!-- afterTest -->
      </class> <!-- selemiumTest.test1 -->
    </test> <!-- Default test -->
  </suite> <!-- Default suite -->
</testng-results>
