<?xml version="1.0" encoding="UTF-8"?>
<!-- Generated by org.testng.reporters.JUnitXMLReporter -->
<testsuite hostname="sureerat-ThinkPad-T470" ignored="1" name="Default test" tests="1" failures="0" timestamp="26 May 2019 13:16:53 GMT" time="48.698" errors="0">
  <testcase name="TC_5_1" time="46.854" classname="G3SnowboardShopTest.STC_G03_Automation_Testing"/>
  <testcase name="TC_4_2" time="0.0" classname="G3SnowboardShopTest.STC_G03_Automation_Testing">
    <ignored/>
  </testcase> <!-- TC_4_2 -->
</testsuite> <!-- Default test -->
